<?xml version="1.0" encoding="UTF-8"?>
<!-- Generated by org.testng.reporters.JUnitReportReporter -->
<testsuite skipped="0" hostname="sinjiroy45" name="com.qmetry.TestBPApp.AppTest3" tests="5" failures="0" timestamp="28 Feb 2018 11:58:55 GMT" time="144.792" errors="0">
  <testcase name="checkappnew" time="32.740" classname="com.qmetry.TestBPApp.AppTest3"/>
  <testcase name="checkappnew" time="29.728" classname="com.qmetry.TestBPApp.AppTest3"/>
  <testcase name="checkappnew" time="19.276" classname="com.qmetry.TestBPApp.AppTest3"/>
  <testcase name="checkappnew" time="32.752" classname="com.qmetry.TestBPApp.AppTest3"/>
  <testcase name="checkappnew" time="30.296" classname="com.qmetry.TestBPApp.AppTest3"/>
</testsuite> <!-- com.qmetry.TestBPApp.AppTest3 -->
